30: CountryDAO.java: 28-Jul-2016 15:41:12,580: DEBUG: getCountries: fetchig
30: CountryDAO.java: 22-Aug-2016 11:47:05,502: DEBUG: getCountries: fetchig
30: CountryDAO.java: 22-Aug-2016 15:07:23,248: DEBUG: getCountries: fetchig
30: CountryDAO.java: 22-Aug-2016 15:08:15,921: DEBUG: getCountries: fetchig
30: CountryDAO.java: 03-Jan-2017 16:06:41,793: DEBUG: getCountries: fetchig
30: CountryDAO.java: 03-Jan-2017 16:07:31,493: DEBUG: getCountries: fetchig
30: CountryDAO.java: 25-Jul-2018 12:41:59,979: DEBUG: getCountries: fetchig
30: CountryDAO.java: 25-Jul-2018 12:44:15,626: DEBUG: getCountries: fetchig
30: CountryDAO.java: 26-Jul-2018 16:15:55,183: DEBUG: getCountries: fetchig
30: CountryDAO.java: 13-Sep-2018 11:40:45,783: DEBUG: getCountries: fetchig
30: CountryDAO.java: 13-Sep-2018 11:41:37,831: DEBUG: getCountries: fetchig
30: CountryDAO.java: 27-Nov-2018 10:10:38,795: DEBUG: getCountries: fetchig
30: CountryDAO.java: 27-Nov-2018 10:11:32,443: DEBUG: getCountries: fetchig
30: CountryDAO.java: 27-Nov-2018 10:14:29,282: DEBUG: getCountries: fetchig
30: CountryDAO.java: 27-Nov-2018 10:16:29,162: DEBUG: getCountries: fetchig
30: CountryDAO.java: 30-Jun-2022 23:17:57,607: DEBUG: getCountries: fetchig
30: AdminDAO.java: 30-Jun-2022 23:57:25,364: DEBUG: getAdmin: fetchig
30: AdminDAO.java: 01-Jul-2022 00:05:47,720: DEBUG: getAdmin: fetchig
30: AdminDAO.java: 01-Jul-2022 00:12:44,192: DEBUG: getAdmin: fetchig
30: AdminDAO.java: 01-Jul-2022 00:15:51,836: DEBUG: getAdmin: fetchig
30: AdminDAO.java: 01-Jul-2022 00:41:34,608: DEBUG: getAdmin: fetchig
30: AdminDAO.java: 01-Jul-2022 00:50:14,070: DEBUG: getAdmin: fetchig
30: AdminDAO.java: 01-Jul-2022 00:51:24,503: DEBUG: getAdmin: fetchig
30: AdminDAO.java: 01-Jul-2022 00:53:28,902: DEBUG: getAdmin: fetchig
30: AdminDAO.java: 01-Jul-2022 00:54:03,059: DEBUG: getAdmin: fetchig
30: AdminDAO.java: 01-Jul-2022 10:16:35,049: DEBUG: getAdmin: fetchig
30: AdminDAO.java: 01-Jul-2022 10:30:20,687: DEBUG: getAdmin: fetchig
30: AdminDAO.java: 01-Jul-2022 11:56:23,787: DEBUG: getAdmin: fetchig
30: AdminDAO.java: 01-Jul-2022 12:19:23,704: DEBUG: getAdmin: fetchig
30: AdminDAO.java: 01-Jul-2022 12:20:32,568: DEBUG: getAdmin: fetchig
31: AlbumDAO.java: 01-Jul-2022 12:20:42,264: DEBUG: getAlbum: fetchig
62: AlbumDAO.java: 01-Jul-2022 12:20:42,268: DEBUG: getAvailAlbum: fetchig
30: AdminDAO.java: 01-Jul-2022 12:24:39,403: DEBUG: getAdmin: fetchig
30: AdminDAO.java: 01-Jul-2022 12:25:05,705: DEBUG: getAdmin: fetchig
31: AlbumDAO.java: 01-Jul-2022 12:25:14,671: DEBUG: getAlbum: fetchig
31: AlbumDAO.java: 01-Jul-2022 12:26:17,564: DEBUG: getAlbum: fetchig
31: AlbumDAO.java: 01-Jul-2022 12:26:59,048: DEBUG: getAlbum: fetchig
62: AlbumDAO.java: 01-Jul-2022 12:27:03,738: DEBUG: getAvailAlbum: fetchig
30: AdminDAO.java: 01-Jul-2022 12:28:52,016: DEBUG: getAdmin: fetchig
31: AlbumDAO.java: 01-Jul-2022 12:29:03,343: DEBUG: getAlbum: fetchig
62: AlbumDAO.java: 01-Jul-2022 12:29:13,805: DEBUG: getAvailAlbum: fetchig
30: AdminDAO.java: 01-Jul-2022 12:31:54,530: DEBUG: getAdmin: fetchig
31: AlbumDAO.java: 01-Jul-2022 12:32:03,358: DEBUG: getAlbum: fetchig
