30: CountryDAO.java: 28-Jul-2016 15:41:12,580: DEBUG: getCountries: fetchig
30: CountryDAO.java: 22-Aug-2016 11:47:05,502: DEBUG: getCountries: fetchig
30: CountryDAO.java: 22-Aug-2016 15:07:23,248: DEBUG: getCountries: fetchig
30: CountryDAO.java: 22-Aug-2016 15:08:15,921: DEBUG: getCountries: fetchig
30: CountryDAO.java: 03-Jan-2017 16:06:41,793: DEBUG: getCountries: fetchig
30: CountryDAO.java: 03-Jan-2017 16:07:31,493: DEBUG: getCountries: fetchig
30: CountryDAO.java: 25-Jul-2018 12:41:59,979: DEBUG: getCountries: fetchig
30: CountryDAO.java: 25-Jul-2018 12:44:15,626: DEBUG: getCountries: fetchig
30: CountryDAO.java: 26-Jul-2018 16:15:55,183: DEBUG: getCountries: fetchig
30: CountryDAO.java: 13-Sep-2018 11:40:45,783: DEBUG: getCountries: fetchig
30: CountryDAO.java: 13-Sep-2018 11:41:37,831: DEBUG: getCountries: fetchig
30: CountryDAO.java: 27-Nov-2018 10:10:38,795: DEBUG: getCountries: fetchig
30: CountryDAO.java: 27-Nov-2018 10:11:32,443: DEBUG: getCountries: fetchig
30: CountryDAO.java: 27-Nov-2018 10:14:29,282: DEBUG: getCountries: fetchig
30: CountryDAO.java: 27-Nov-2018 10:16:29,162: DEBUG: getCountries: fetchig
30: CountryDAO.java: 30-Jun-2022 23:17:57,607: DEBUG: getCountries: fetchig
30: AdminDAO.java: 30-Jun-2022 23:57:25,364: DEBUG: getAdmin: fetchig
30: AdminDAO.java: 01-Jul-2022 00:05:47,720: DEBUG: getAdmin: fetchig
30: AdminDAO.java: 01-Jul-2022 00:12:44,192: DEBUG: getAdmin: fetchig
30: AdminDAO.java: 01-Jul-2022 00:15:51,836: DEBUG: getAdmin: fetchig
30: AdminDAO.java: 01-Jul-2022 00:41:34,608: DEBUG: getAdmin: fetchig
30: AdminDAO.java: 01-Jul-2022 00:50:14,070: DEBUG: getAdmin: fetchig
30: AdminDAO.java: 01-Jul-2022 00:51:24,503: DEBUG: getAdmin: fetchig
30: AdminDAO.java: 01-Jul-2022 00:53:28,902: DEBUG: getAdmin: fetchig
30: AdminDAO.java: 01-Jul-2022 00:54:03,059: DEBUG: getAdmin: fetchig
30: AdminDAO.java: 01-Jul-2022 10:16:35,049: DEBUG: getAdmin: fetchig
30: AdminDAO.java: 01-Jul-2022 10:30:20,687: DEBUG: getAdmin: fetchig
30: AdminDAO.java: 01-Jul-2022 11:56:23,787: DEBUG: getAdmin: fetchig
30: AdminDAO.java: 01-Jul-2022 12:19:23,704: DEBUG: getAdmin: fetchig
30: AdminDAO.java: 01-Jul-2022 12:20:32,568: DEBUG: getAdmin: fetchig
31: AlbumDAO.java: 01-Jul-2022 12:20:42,264: DEBUG: getAlbum: fetchig
62: AlbumDAO.java: 01-Jul-2022 12:20:42,268: DEBUG: getAvailAlbum: fetchig
30: AdminDAO.java: 01-Jul-2022 12:24:39,403: DEBUG: getAdmin: fetchig
30: AdminDAO.java: 01-Jul-2022 12:25:05,705: DEBUG: getAdmin: fetchig
31: AlbumDAO.java: 01-Jul-2022 12:25:14,671: DEBUG: getAlbum: fetchig
31: AlbumDAO.java: 01-Jul-2022 12:26:17,564: DEBUG: getAlbum: fetchig
31: AlbumDAO.java: 01-Jul-2022 12:26:59,048: DEBUG: getAlbum: fetchig
62: AlbumDAO.java: 01-Jul-2022 12:27:03,738: DEBUG: getAvailAlbum: fetchig
30: AdminDAO.java: 01-Jul-2022 12:28:52,016: DEBUG: getAdmin: fetchig
31: AlbumDAO.java: 01-Jul-2022 12:29:03,343: DEBUG: getAlbum: fetchig
62: AlbumDAO.java: 01-Jul-2022 12:29:13,805: DEBUG: getAvailAlbum: fetchig
30: AdminDAO.java: 01-Jul-2022 12:31:54,530: DEBUG: getAdmin: fetchig
31: AlbumDAO.java: 01-Jul-2022 12:32:03,358: DEBUG: getAlbum: fetchig
31: AlbumDetailsDAO.java: 02-Jul-2022 15:25:42,428: DEBUG: getAlbum: fetchig
31: AlbumDetailsDAO.java: 02-Jul-2022 15:28:34,179: DEBUG: getAlbum: fetchig
31: AlbumDetailsDAO.java: 02-Jul-2022 16:02:04,793: DEBUG: getAlbum: fetchig
31: AlbumDetailsDAO.java: 02-Jul-2022 16:05:05,264: DEBUG: getAlbum: fetchig
31: AlbumDetailsDAO.java: 02-Jul-2022 16:24:23,269: DEBUG: getAlbum: fetchig
31: AlbumDetailsDAO.java: 02-Jul-2022 16:27:30,890: DEBUG: getAlbum: fetchig
31: UserDAO.java: 02-Jul-2022 17:44:34,388: DEBUG: getCust: fetchig
31: AlbumDetailsDAO.java: 03-Jul-2022 01:25:01,174: DEBUG: getAlbum: fetchig
31: AlbumDetailsDAO.java: 03-Jul-2022 01:59:42,061: DEBUG: getAlbum: fetchig
26: AlbumCategoryDAO.java: 03-Jul-2022 02:12:16,825: DEBUG: getAlbumCategory: fetchig
26: AlbumCategoryDAO.java: 03-Jul-2022 02:14:00,980: DEBUG: getAlbumCategory: fetchig
26: AlbumCategoryDAO.java: 03-Jul-2022 02:15:21,954: DEBUG: getAlbumCategory: fetchig
26: AlbumCategoryDAO.java: 03-Jul-2022 10:06:30,157: DEBUG: getAlbumCategory: fetchig
31: AlbumDetailsDAO.java: 03-Jul-2022 10:06:47,161: DEBUG: getAlbum: fetchig
62: AlbumDetailsDAO.java: 03-Jul-2022 11:37:36,239: DEBUG: getAvailAlbum: fetchig
31: AlbumDetailsDAO.java: 03-Jul-2022 11:37:44,542: DEBUG: getAlbum: fetchig
62: AlbumDetailsDAO.java: 03-Jul-2022 11:44:37,822: DEBUG: getAvailAlbum: fetchig
62: AlbumDetailsDAO.java: 03-Jul-2022 11:47:30,679: DEBUG: getAvailAlbum: fetchig
31: AlbumDetailsDAO.java: 03-Jul-2022 11:51:36,783: DEBUG: getAlbum: fetchig
31: AlbumDetailsDAO.java: 03-Jul-2022 11:52:12,825: DEBUG: getAlbum: fetchig
62: AlbumDetailsDAO.java: 03-Jul-2022 11:52:17,688: DEBUG: getAvailAlbum: fetchig
62: AlbumDetailsDAO.java: 03-Jul-2022 11:54:21,612: DEBUG: getAvailAlbum: fetchig
62: AlbumDetailsDAO.java: 03-Jul-2022 11:55:23,871: DEBUG: getAvailAlbum: fetchig
62: AlbumDetailsDAO.java: 03-Jul-2022 11:56:14,214: DEBUG: getAvailAlbum: fetchig
26: AlbumCategoryDAO.java: 03-Jul-2022 12:04:55,756: DEBUG: getAlbumCategory: fetchig
26: AlbumCategoryDAO.java: 03-Jul-2022 12:09:21,597: DEBUG: getAlbumCategory: fetchig
26: AlbumCategoryDAO.java: 03-Jul-2022 12:12:07,694: DEBUG: getAlbumCategory: fetchig
31: AlbumDetailsDAO.java: 03-Jul-2022 12:13:28,008: DEBUG: getAlbum: fetchig
31: AlbumDetailsDAO.java: 03-Jul-2022 12:15:53,555: DEBUG: getAlbum: fetchig
26: AlbumCategoryDAO.java: 03-Jul-2022 12:16:02,339: DEBUG: getAlbumCategory: fetchig
31: AlbumDetailsDAO.java: 03-Jul-2022 12:49:04,476: DEBUG: getAlbum: fetchig
31: AlbumDetailsDAO.java: 03-Jul-2022 12:50:09,861: DEBUG: getAlbum: fetchig
31: AlbumDetailsDAO.java: 03-Jul-2022 12:50:47,724: DEBUG: getAlbum: fetchig
26: AlbumCategoryDAO.java: 03-Jul-2022 12:51:31,924: DEBUG: getAlbumCategory: fetchig
31: AlbumDetailsDAO.java: 03-Jul-2022 12:51:54,588: DEBUG: getAlbum: fetchig
26: AlbumCategoryDAO.java: 03-Jul-2022 12:55:20,062: DEBUG: getAlbumCategory: fetchig
31: AlbumDetailsDAO.java: 03-Jul-2022 18:03:09,055: DEBUG: getAlbum: fetchig
31: AlbumDetailsDAO.java: 03-Jul-2022 18:04:17,987: DEBUG: getAlbum: fetchig
31: AlbumDetailsDAO.java: 03-Jul-2022 18:05:32,146: DEBUG: getAlbum: fetchig
31: AlbumDetailsDAO.java: 03-Jul-2022 18:07:24,977: DEBUG: getAlbum: fetchig
31: AlbumDetailsDAO.java: 03-Jul-2022 18:09:03,106: DEBUG: getAlbum: fetchig
31: AlbumDetailsDAO.java: 03-Jul-2022 18:16:39,631: DEBUG: getAlbum: fetchig
31: AlbumDetailsDAO.java: 03-Jul-2022 18:20:21,055: DEBUG: getAlbum: fetchig
31: AlbumDetailsDAO.java: 03-Jul-2022 18:21:13,898: DEBUG: getAlbum: fetchig
31: AlbumDetailsDAO.java: 03-Jul-2022 18:22:10,085: DEBUG: getAlbum: fetchig
31: AlbumDetailsDAO.java: 03-Jul-2022 18:30:56,483: DEBUG: getAlbum: fetchig
31: AlbumDetailsDAO.java: 03-Jul-2022 18:35:51,733: DEBUG: getAlbum: fetchig
31: AlbumDetailsDAO.java: 03-Jul-2022 18:46:56,458: DEBUG: getAlbum: fetchig
31: AlbumDetailsDAO.java: 03-Jul-2022 18:47:50,925: DEBUG: getAlbum: fetchig
31: AlbumDetailsDAO.java: 03-Jul-2022 18:49:26,443: DEBUG: getAlbum: fetchig
31: AlbumDetailsDAO.java: 03-Jul-2022 19:01:35,784: DEBUG: getAlbum: fetchig
31: AlbumDetailsDAO.java: 03-Jul-2022 19:03:26,357: DEBUG: getAlbum: fetchig
31: AlbumDetailsDAO.java: 03-Jul-2022 19:07:26,830: DEBUG: getAlbum: fetchig
31: AlbumDetailsDAO.java: 03-Jul-2022 19:10:44,001: DEBUG: getAlbum: fetchig
31: AlbumDetailsDAO.java: 03-Jul-2022 19:12:00,517: DEBUG: getAlbum: fetchig
31: AlbumDetailsDAO.java: 03-Jul-2022 19:13:27,303: DEBUG: getAlbum: fetchig
31: AlbumDetailsDAO.java: 03-Jul-2022 19:14:31,389: DEBUG: getAlbum: fetchig
31: AlbumDetailsDAO.java: 03-Jul-2022 19:15:34,609: DEBUG: getAlbum: fetchig
31: AlbumDetailsDAO.java: 03-Jul-2022 19:16:36,358: DEBUG: getAlbum: fetchig
31: AlbumDetailsDAO.java: 03-Jul-2022 19:32:18,675: DEBUG: getAlbum: fetchig
31: AlbumDetailsDAO.java: 03-Jul-2022 19:35:13,252: DEBUG: getAlbum: fetchig
31: AlbumDetailsDAO.java: 03-Jul-2022 19:35:59,565: DEBUG: getAlbum: fetchig
30: AlbumDetailsDAO.java: 03-Jul-2022 20:22:45,693: DEBUG: getAlbum: fetchig
61: AlbumDetailsDAO.java: 03-Jul-2022 20:23:19,339: DEBUG: getAvailAlbum: fetchig
30: AlbumDetailsDAO.java: 03-Jul-2022 21:38:16,671: DEBUG: getAlbum: fetchig
26: AlbumCategoryDAO.java: 04-Jul-2022 09:11:34,537: DEBUG: getAlbumCategory: fetchig
30: AlbumDetailsDAO.java: 04-Jul-2022 14:51:04,451: DEBUG: getAlbum: fetchig
30: AlbumDetailsDAO.java: 04-Jul-2022 14:57:55,940: DEBUG: getAlbum: fetchig
30: AlbumDetailsDAO.java: 04-Jul-2022 15:00:15,493: DEBUG: getAlbum: fetchig
30: AlbumDetailsDAO.java: 04-Jul-2022 15:24:40,799: DEBUG: getAlbum: fetchig
30: AlbumDetailsDAO.java: 04-Jul-2022 15:25:37,930: DEBUG: getAlbum: fetchig
30: AlbumDetailsDAO.java: 04-Jul-2022 15:46:19,835: DEBUG: getAlbum: fetchig
30: AlbumDetailsDAO.java: 04-Jul-2022 15:48:41,663: DEBUG: getAlbum: fetchig
30: AlbumDetailsDAO.java: 04-Jul-2022 15:49:27,491: DEBUG: getAlbum: fetchig
30: AlbumDetailsDAO.java: 04-Jul-2022 15:50:42,138: DEBUG: getAlbum: fetchig
30: AlbumDetailsDAO.java: 04-Jul-2022 15:52:18,443: DEBUG: getAlbum: fetchig
30: AlbumDetailsDAO.java: 04-Jul-2022 19:09:55,601: DEBUG: getAlbum: fetchig
30: AlbumDetailsDAO.java: 04-Jul-2022 19:13:56,569: DEBUG: getAlbum: fetchig
30: AlbumDetailsDAO.java: 04-Jul-2022 19:18:33,515: DEBUG: getAlbum: fetchig
30: AlbumDetailsDAO.java: 04-Jul-2022 19:19:44,524: DEBUG: getAlbum: fetchig
30: AlbumDetailsDAO.java: 04-Jul-2022 19:21:09,949: DEBUG: getAlbum: fetchig
30: AlbumDetailsDAO.java: 04-Jul-2022 19:23:35,349: DEBUG: getAlbum: fetchig
30: AlbumDetailsDAO.java: 04-Jul-2022 19:24:15,565: DEBUG: getAlbum: fetchig
30: AlbumDetailsDAO.java: 04-Jul-2022 19:29:53,211: DEBUG: getAlbum: fetchig
30: AlbumDetailsDAO.java: 04-Jul-2022 19:31:02,774: DEBUG: getAlbum: fetchig
30: AlbumDetailsDAO.java: 04-Jul-2022 21:10:26,118: DEBUG: getAlbum: fetchig
30: AlbumDetailsDAO.java: 04-Jul-2022 21:12:20,214: DEBUG: getAlbum: fetchig
30: AlbumDetailsDAO.java: 04-Jul-2022 21:13:45,051: DEBUG: getAlbum: fetchig
29: HireDAO.java: 04-Jul-2022 22:12:58,253: DEBUG: getHireDetails: fetchig
29: HireDAO.java: 04-Jul-2022 22:13:58,807: DEBUG: getHireDetails: fetchig
